SF:lib/flutter_phone_call_state_platform_interface.dart
DA:7,6
DA:9,6
DA:11,2
DA:12,1
DA:17,2
DA:22,1
DA:23,2
DA:27,0
DA:28,0
LF:9
LH:7
end_of_record
SF:lib/flutter_phone_call_state_method_channel.dart
DA:15,2
DA:17,2
DA:18,2
DA:19,3
DA:20,1
DA:22,2
DA:23,2
LF:7
LH:7
end_of_record
SF:lib/src/model/call_result.dart
DA:13,2
DA:18,2
DA:19,2
DA:20,2
DA:21,2
DA:22,2
DA:27,2
DA:29,2
DA:31,1
DA:33,1
DA:35,1
DA:37,1
LF:12
LH:12
end_of_record
SF:lib/src/model/call_state.dart
DA:24,1
DA:26,1
DA:28,1
DA:30,1
DA:32,1
DA:34,1
DA:36,1
LF:7
LH:7
end_of_record
SF:lib/phone_call_state.dart
DA:6,1
DA:7,3
DA:8,2
DA:15,3
LF:4
LH:4
end_of_record
