SF:lib/src/model/call_state.dart
DA:24,0
DA:26,0
DA:28,0
DA:30,0
DA:32,0
DA:34,0
DA:36,0
LF:7
LH:0
end_of_record
SF:lib/flutter_phone_call_state_method_channel.dart
DA:15,2
DA:17,2
DA:18,2
DA:19,3
DA:20,1
DA:22,2
DA:23,2
LF:7
LH:7
end_of_record
SF:lib/src/model/call_result.dart
DA:13,2
DA:18,1
DA:19,1
DA:20,1
DA:21,1
DA:22,1
DA:27,1
DA:29,1
DA:31,0
DA:33,0
DA:35,0
DA:37,0
LF:12
LH:8
end_of_record
SF:lib/flutter_phone_call_state_platform_interface.dart
DA:7,6
DA:9,6
DA:11,2
DA:12,1
DA:17,2
DA:22,1
DA:23,2
DA:27,0
DA:28,0
LF:9
LH:7
end_of_record
SF:lib/phone_call_state.dart
DA:6,1
DA:7,3
DA:8,2
DA:15,3
LF:4
LH:4
end_of_record
